<?xml version="1.0" encoding="UTF-8"?>
<testng-results ignored="0" total="1" passed="1" failed="0" skipped="0">
  <reporter-output>
  </reporter-output>
  <suite started-at="2025-05-10T03:17:46Z" name="Default suite" finished-at="2025-05-10T03:20:52Z" duration-ms="186039">
    <groups>
    </groups>
    <test started-at="2025-05-10T03:17:46Z" name="Default test" finished-at="2025-05-10T03:20:52Z" duration-ms="186039">
      <class name="com.webdriver.ZD_Savewebpageaspdf">
        <test-method signature="saveWebpageasPdf()[pri:0, instance:com.webdriver.ZD_Savewebpageaspdf@5c7bfdc1]" started-at="2025-05-10T03:17:46Z" name="saveWebpageasPdf" finished-at="2025-05-10T03:20:52Z" duration-ms="186003" status="PASS">
          <reporter-output>
          </reporter-output>
        </test-method> <!-- saveWebpageasPdf -->
      </class> <!-- com.webdriver.ZD_Savewebpageaspdf -->
    </test> <!-- Default test -->
  </suite> <!-- Default suite -->
</testng-results>
